2024-03-08 18:24:56,250 [INFO] Activator:176 - 


2024-03-08 18:24:56,254 [INFO] Activator:177 - !SESSION log4j initialized
2024-03-08 18:24:59,785 [INFO] LogOutputStream:77 - [STDOUT_REDIRECT] 
2024-03-08 18:25:22,277 [INFO] Activator:176 - 


2024-03-08 18:25:22,279 [INFO] Activator:177 - !SESSION log4j initialized
2024-03-08 18:25:27,130 [INFO] LogOutputStream:77 - [STDOUT_REDIRECT] 
2024-03-08 18:25:30,977 [INFO] ApplicationProperties:184 - Using Application install path: C:\ST\STM32CubeIDE_1.13.2\STM32CubeIDE\plugins\com.st.stm32cube.common.mx_6.9.2.202309101412
2024-03-08 18:25:31,010 [INFO] DbMcusXml:78 - Set database path to: C:\ST\STM32CubeIDE_1.13.2\STM32CubeIDE\plugins\com.st.stm32cube.common.mx_6.9.2.202309101412\\db\/mcu/
2024-03-08 18:25:31,011 [INFO] ApiDb:274 - Set plugin database path to: C:\ST\STM32CubeIDE_1.13.2\STM32CubeIDE\plugins\com.st.stm32cube.common.mx_6.9.2.202309101412\\db\/plugins/boardmanager/
2024-03-08 18:25:31,011 [WARN] ApiDb:259 - Overriding images path with different value:  => C:\ST\STM32CubeIDE_1.13.2\STM32CubeIDE\plugins\com.st.stm32cube.common.mx_6.9.2.202309101412\\db\/plugins/mcufinder/images/
2024-03-08 18:25:31,026 [INFO] ApiDb:250 - Set database path to: C:\Users\knbae\.stmcufinder\plugins\mcufinder//mcu/
2024-03-08 18:25:31,028 [INFO] DbMcusAds:125 - Set database path to: C:\Users\knbae\.stmcufinder\plugins\mcufinder//mcu/
2024-03-08 18:25:31,031 [INFO] CrossReferenceDbSqlite:203 - Set database path to: C:\Users\knbae\.stmcufinder\plugins\mcufinder//mcu/cs/
2024-03-08 18:25:31,210 [INFO] RulesReader:64 - Compatibility file has been processed (293 Rules)
2024-03-08 18:25:31,348 [INFO] DbMcusXml:78 - Set database path to: C:\ST\STM32CubeIDE_1.13.2\STM32CubeIDE\plugins\com.st.stm32cube.common.mx_6.9.2.202309101412\\db\/mcu/
2024-03-08 18:25:31,348 [INFO] ApiDb:274 - Set plugin database path to: C:\ST\STM32CubeIDE_1.13.2\STM32CubeIDE\plugins\com.st.stm32cube.common.mx_6.9.2.202309101412\\db\/plugins/boardmanager/
2024-03-08 18:25:31,349 [INFO] ApiDb:261 - Set plugin images path to: C:\ST\STM32CubeIDE_1.13.2\STM32CubeIDE\plugins\com.st.stm32cube.common.mx_6.9.2.202309101412\\db\/plugins/mcufinder/images/
2024-03-08 18:25:31,349 [WARN] DbFile:41 - Overriding database path with different value: C:\Users\knbae\.stmcufinder\plugins\mcufinder/ => C:\Users\knbae\.stmcufinder\plugins\mcufinder
2024-03-08 18:25:31,349 [INFO] ApiDb:250 - Set database path to: C:\Users\knbae\.stmcufinder\plugins\mcufinder//mcu/
2024-03-08 18:25:31,350 [WARN] DbFile:41 - Overriding database path with different value: C:\Users\knbae\.stmcufinder\plugins\mcufinder/ => C:\Users\knbae\.stmcufinder\plugins\mcufinder
2024-03-08 18:25:31,350 [INFO] DbMcusAds:125 - Set database path to: C:\Users\knbae\.stmcufinder\plugins\mcufinder//mcu/
2024-03-08 18:25:31,350 [WARN] DbFile:41 - Overriding database path with different value: C:\Users\knbae\.stmcufinder\plugins\mcufinder/ => C:\Users\knbae\.stmcufinder\plugins\mcufinder
2024-03-08 18:25:31,350 [WARN] DbFile:41 - Overriding database path with different value: C:\Users\knbae\.stmcufinder\plugins\mcufinder/ => C:\Users\knbae\.stmcufinder\plugins\mcufinder
2024-03-08 18:25:31,350 [INFO] CrossReferenceDbSqlite:203 - Set database path to: C:\Users\knbae\.stmcufinder\plugins\mcufinder//mcu/cs/
2024-03-08 18:25:31,472 [INFO] MainPanel:262 - HeapMemory: 268435456
2024-03-08 18:25:31,579 [INFO] DbMcusXml:78 - Set database path to: C:\ST\STM32CubeIDE_1.13.2\STM32CubeIDE\plugins\com.st.stm32cube.common.mx_6.9.2.202309101412\\db\/mcu/
2024-03-08 18:25:31,579 [INFO] ApiDb:274 - Set plugin database path to: C:\ST\STM32CubeIDE_1.13.2\STM32CubeIDE\plugins\com.st.stm32cube.common.mx_6.9.2.202309101412\\db\/plugins/boardmanager/
2024-03-08 18:25:31,579 [INFO] ApiDb:261 - Set plugin images path to: C:\ST\STM32CubeIDE_1.13.2\STM32CubeIDE\plugins\com.st.stm32cube.common.mx_6.9.2.202309101412\\db\/plugins/mcufinder/images/
2024-03-08 18:25:31,580 [WARN] DbFile:41 - Overriding database path with different value: C:\Users\knbae\.stmcufinder\plugins\mcufinder/ => C:\Users\knbae\.stmcufinder\plugins\mcufinder
2024-03-08 18:25:31,580 [INFO] ApiDb:250 - Set database path to: C:\Users\knbae\.stmcufinder\plugins\mcufinder//mcu/
2024-03-08 18:25:31,580 [WARN] DbFile:41 - Overriding database path with different value: C:\Users\knbae\.stmcufinder\plugins\mcufinder/ => C:\Users\knbae\.stmcufinder\plugins\mcufinder
2024-03-08 18:25:31,580 [INFO] DbMcusAds:125 - Set database path to: C:\Users\knbae\.stmcufinder\plugins\mcufinder//mcu/
2024-03-08 18:25:31,580 [WARN] DbFile:41 - Overriding database path with different value: C:\Users\knbae\.stmcufinder\plugins\mcufinder/ => C:\Users\knbae\.stmcufinder\plugins\mcufinder
2024-03-08 18:25:31,580 [WARN] DbFile:41 - Overriding database path with different value: C:\Users\knbae\.stmcufinder\plugins\mcufinder/ => C:\Users\knbae\.stmcufinder\plugins\mcufinder
2024-03-08 18:25:31,581 [INFO] CrossReferenceDbSqlite:203 - Set database path to: C:\Users\knbae\.stmcufinder\plugins\mcufinder//mcu/cs/
2024-03-08 18:25:31,608 [INFO] ApplicationProperties:184 - Using Application install path: C:\ST\STM32CubeIDE_1.13.2\STM32CubeIDE\plugins\com.st.stm32cube.common.mx_6.9.2.202309101412
2024-03-08 18:25:31,610 [INFO] PluginManage:196 - Search for loadable plugins [exclusion list=, ]
2024-03-08 18:25:31,612 [INFO] PluginManage:310 - Check plugin analytics
2024-03-08 18:25:31,848 [INFO] AnalyticsPlugin:253 - Accepted Software Licenses: 
2024-03-08 18:25:31,849 [INFO] AnalyticsPlugin:255 - Accepted CMSIS Pack Licenses: 
2024-03-08 18:25:31,849 [INFO] AnalyticsPlugin:257 - Accepted Firmware Licenses: 
2024-03-08 18:25:31,853 [INFO] PluginManage:359 - Loaded plugin analytics (category:tool,tabindex:-1)
2024-03-08 18:25:31,853 [INFO] PluginManage:310 - Check plugin cadmodel
2024-03-08 18:25:31,860 [INFO] CADModel:105 - Init CAD model plugin
2024-03-08 18:25:31,860 [INFO] PluginManage:359 - Loaded plugin cadmodel (category:power,tabindex:5)
2024-03-08 18:25:31,860 [INFO] PluginManage:310 - Check plugin clock
2024-03-08 18:25:31,873 [INFO] PluginManage:359 - Loaded plugin clock (category:base,tabindex:2)
2024-03-08 18:25:31,873 [INFO] PluginManage:310 - Check plugin ddr
2024-03-08 18:25:31,877 [INFO] PluginManage:359 - Loaded plugin ddr (category:tool,tabindex:6)
2024-03-08 18:25:31,878 [INFO] PluginManage:310 - Check plugin filemanager
2024-03-08 18:25:32,058 [INFO] PluginManage:359 - Loaded plugin filemanager (category:base,tabindex:10)
2024-03-08 18:25:32,058 [INFO] PluginManage:310 - Check plugin ipmanager
2024-03-08 18:25:32,069 [INFO] PluginManage:359 - Loaded plugin ipmanager (category:base,tabindex:5)
2024-03-08 18:25:32,069 [INFO] PluginManage:310 - Check plugin lpbam
2024-03-08 18:25:32,081 [INFO] PluginManage:359 - Loaded plugin lpbam (category:base,tabindex:0)
2024-03-08 18:25:32,081 [INFO] PluginManage:310 - Check plugin memorymap
2024-03-08 18:25:32,095 [INFO] PluginManage:359 - Loaded plugin memorymap (category:base,tabindex:4)
2024-03-08 18:25:32,095 [INFO] PluginManage:310 - Check plugin pinoutandconfiguration
2024-03-08 18:25:32,105 [INFO] PluginManage:359 - Loaded plugin pinoutandconfiguration (category:base,tabindex:1)
2024-03-08 18:25:32,106 [INFO] PluginManage:310 - Check plugin pinoutconfig
2024-03-08 18:25:32,344 [WARN] SupportedApi:132 - Cannot load RTOS API schema: s4s-elt-must-match.1: The content of 'definitions' must match (annotation?, (simpleType | complexType)?, (unique | key | keyref)*)). A problem was found starting at: attribute.
2024-03-08 18:25:32,528 [INFO] PluginManage:359 - Loaded plugin pinoutconfig (category:base,tabindex:0)
2024-03-08 18:25:32,528 [INFO] PluginManage:310 - Check plugin power
2024-03-08 18:25:32,540 [INFO] PluginManage:359 - Loaded plugin power (category:power,tabindex:4)
2024-03-08 18:25:32,540 [INFO] PluginManage:310 - Check plugin projectmanager
2024-03-08 18:25:32,566 [INFO] PluginManage:359 - Loaded plugin projectmanager (category:projectmanager,tabindex:3)
2024-03-08 18:25:32,566 [INFO] PluginManage:310 - Check plugin thirdparty
2024-03-08 18:25:32,752 [INFO] PluginManage:359 - Loaded plugin thirdparty (category:base,tabindex:-1)
2024-03-08 18:25:32,752 [INFO] PluginManage:310 - Check plugin tools
2024-03-08 18:25:32,752 [WARN] IntegrityCheckThread:84 - waiting for thirdparty lock release [integrity check]
2024-03-08 18:25:32,753 [INFO] IntegrityCheckThread:86 - entering critical section [integrity check]
2024-03-08 18:25:32,753 [INFO] ThirdPartyUpdaterWithRetryManager:70 - Updater plugin not ready yet. [1/15]
2024-03-08 18:25:32,756 [INFO] PluginManage:359 - Loaded plugin tools (category:base,tabindex:7)
2024-03-08 18:25:32,756 [INFO] PluginManage:310 - Check plugin tutovideos
2024-03-08 18:25:32,989 [INFO] PluginManage:359 - Loaded plugin tutovideos (category:base,tabindex:-1)
2024-03-08 18:25:32,989 [INFO] PluginManage:310 - Check plugin updater
2024-03-08 18:25:33,003 [INFO] PluginManage:359 - Loaded plugin updater (category:base,tabindex:12)
2024-03-08 18:25:33,003 [INFO] PluginManage:310 - Check plugin userauth
2024-03-08 18:25:33,009 [INFO] UserAuth:113 - Init User Auth plugin
2024-03-08 18:25:33,010 [INFO] PluginManage:359 - Loaded plugin userauth (category:base,tabindex:14)
2024-03-08 18:25:33,010 [INFO] PluginManage:283 - PluginManage : Loaded plugins [17]
2024-03-08 18:25:33,333 [INFO] PinOutPanel:1499 - setPackage(No Configuration,No Configuration)
2024-03-08 18:25:33,497 [INFO] CADModel:165 - CPN selected for project level
2024-03-08 18:25:33,497 [INFO] CADModel:114 - Register for checkConnection events
2024-03-08 18:25:33,518 [INFO] IPUIPlugin:80 - create IPUIPlugin
2024-03-08 18:25:33,518 [INFO] PluginManager:220 - loadIPPluginJar : add adc
2024-03-08 18:25:33,521 [INFO] IPUIPlugin:80 - create IPUIPlugin
2024-03-08 18:25:33,521 [INFO] PluginManager:220 - loadIPPluginJar : add aes
2024-03-08 18:25:33,525 [INFO] IPUIPlugin:80 - create IPUIPlugin
2024-03-08 18:25:33,525 [INFO] PluginManager:220 - loadIPPluginJar : add can
2024-03-08 18:25:33,527 [INFO] IPUIPlugin:80 - create IPUIPlugin
2024-03-08 18:25:33,528 [INFO] PluginManager:220 - loadIPPluginJar : add comp
2024-03-08 18:25:33,531 [INFO] IPUIPlugin:80 - create IPUIPlugin
2024-03-08 18:25:33,531 [INFO] PluginManager:220 - loadIPPluginJar : add cryp
2024-03-08 18:25:33,535 [INFO] IPUIPlugin:80 - create IPUIPlugin
2024-03-08 18:25:33,535 [INFO] PluginManager:220 - loadIPPluginJar : add dfsdm
2024-03-08 18:25:33,543 [INFO] IPUIPlugin:80 - create IPUIPlugin
2024-03-08 18:25:33,544 [INFO] PluginManager:220 - loadIPPluginJar : add dma
2024-03-08 18:25:33,548 [INFO] IPUIPlugin:80 - create IPUIPlugin
2024-03-08 18:25:33,548 [INFO] PluginManager:220 - loadIPPluginJar : add dma3
2024-03-08 18:25:33,550 [INFO] IPUIPlugin:80 - create IPUIPlugin
2024-03-08 18:25:33,551 [INFO] PluginManager:220 - loadIPPluginJar : add fatfs
2024-03-08 18:25:33,556 [INFO] IPUIPlugin:80 - create IPUIPlugin
2024-03-08 18:25:33,557 [INFO] PluginManager:220 - loadIPPluginJar : add fmc
2024-03-08 18:25:33,563 [INFO] IPUIPlugin:80 - create IPUIPlugin
2024-03-08 18:25:33,564 [INFO] PluginManager:220 - loadIPPluginJar : add freertos
2024-03-08 18:25:33,566 [INFO] IPUIPlugin:80 - create IPUIPlugin
2024-03-08 18:25:33,566 [INFO] PluginManager:220 - loadIPPluginJar : add genericplugin
2024-03-08 18:25:33,568 [INFO] IPUIPlugin:80 - create IPUIPlugin
2024-03-08 18:25:33,568 [INFO] PluginManager:220 - loadIPPluginJar : add gfxmmu
2024-03-08 18:25:33,575 [INFO] IPUIPlugin:80 - create IPUIPlugin
2024-03-08 18:25:33,575 [INFO] PluginManager:220 - loadIPPluginJar : add gic
2024-03-08 18:25:33,582 [INFO] IPUIPlugin:80 - create IPUIPlugin
2024-03-08 18:25:33,582 [INFO] PluginManager:220 - loadIPPluginJar : add gpio
2024-03-08 18:25:33,585 [INFO] IPUIPlugin:80 - create IPUIPlugin
2024-03-08 18:25:33,585 [INFO] PluginManager:220 - loadIPPluginJar : add gtzc
2024-03-08 18:25:33,588 [INFO] IPUIPlugin:80 - create IPUIPlugin
2024-03-08 18:25:33,588 [INFO] PluginManager:220 - loadIPPluginJar : add hash
2024-03-08 18:25:33,592 [INFO] IPUIPlugin:80 - create IPUIPlugin
2024-03-08 18:25:33,592 [INFO] PluginManager:220 - loadIPPluginJar : add i2c
2024-03-08 18:25:33,595 [INFO] IPUIPlugin:80 - create IPUIPlugin
2024-03-08 18:25:33,595 [INFO] PluginManager:220 - loadIPPluginJar : add i2s
2024-03-08 18:25:33,599 [INFO] IPUIPlugin:80 - create IPUIPlugin
2024-03-08 18:25:33,599 [INFO] PluginManager:220 - loadIPPluginJar : add i3c
2024-03-08 18:25:33,604 [INFO] IPUIPlugin:80 - create IPUIPlugin
2024-03-08 18:25:33,604 [INFO] PluginManager:220 - loadIPPluginJar : add ipddr
2024-03-08 18:25:33,613 [INFO] IPUIPlugin:80 - create IPUIPlugin
2024-03-08 18:25:33,613 [INFO] PluginManager:220 - loadIPPluginJar : add linkedlist
2024-03-08 18:25:33,617 [INFO] IPUIPlugin:80 - create IPUIPlugin
2024-03-08 18:25:33,617 [INFO] PluginManager:220 - loadIPPluginJar : add lorawan
2024-03-08 18:25:33,620 [INFO] IPUIPlugin:80 - create IPUIPlugin
2024-03-08 18:25:33,620 [INFO] PluginManager:220 - loadIPPluginJar : add ltdc
2024-03-08 18:25:33,628 [INFO] IPUIPlugin:80 - create IPUIPlugin
2024-03-08 18:25:33,628 [INFO] PluginManager:220 - loadIPPluginJar : add mdma
2024-03-08 18:25:33,634 [INFO] IPUIPlugin:80 - create IPUIPlugin
2024-03-08 18:25:33,635 [INFO] PluginManager:220 - loadIPPluginJar : add nvic
2024-03-08 18:25:33,639 [INFO] IPUIPlugin:80 - create IPUIPlugin
2024-03-08 18:25:33,639 [INFO] PluginManager:220 - loadIPPluginJar : add opamp
2024-03-08 18:25:33,643 [INFO] IPUIPlugin:80 - create IPUIPlugin
2024-03-08 18:25:33,644 [INFO] PluginManager:220 - loadIPPluginJar : add openamp
2024-03-08 18:25:33,647 [INFO] IPUIPlugin:80 - create IPUIPlugin
2024-03-08 18:25:33,647 [INFO] PluginManager:220 - loadIPPluginJar : add pdm2pcm
2024-03-08 18:25:33,657 [INFO] IPUIPlugin:80 - create IPUIPlugin
2024-03-08 18:25:33,660 [INFO] PluginManager:220 - loadIPPluginJar : add plateformsettings
2024-03-08 18:25:33,663 [INFO] IPUIPlugin:80 - create IPUIPlugin
2024-03-08 18:25:33,663 [INFO] PluginManager:220 - loadIPPluginJar : add quadspi
2024-03-08 18:25:33,667 [INFO] IPUIPlugin:80 - create IPUIPlugin
2024-03-08 18:25:33,667 [INFO] PluginManager:220 - loadIPPluginJar : add resmgrutility
2024-03-08 18:25:33,671 [INFO] IPUIPlugin:80 - create IPUIPlugin
2024-03-08 18:25:33,671 [INFO] PluginManager:220 - loadIPPluginJar : add sai
2024-03-08 18:25:33,675 [INFO] IPUIPlugin:80 - create IPUIPlugin
2024-03-08 18:25:33,675 [INFO] PluginManager:220 - loadIPPluginJar : add spi
2024-03-08 18:25:33,682 [INFO] IPUIPlugin:80 - create IPUIPlugin
2024-03-08 18:25:33,682 [INFO] PluginManager:220 - loadIPPluginJar : add stm32_wpan
2024-03-08 18:25:33,684 [INFO] IPUIPlugin:80 - create IPUIPlugin
2024-03-08 18:25:33,685 [INFO] PluginManager:220 - loadIPPluginJar : add tim
2024-03-08 18:25:33,689 [INFO] IPUIPlugin:80 - create IPUIPlugin
2024-03-08 18:25:33,689 [INFO] PluginManager:220 - loadIPPluginJar : add touchsensing
2024-03-08 18:25:33,692 [INFO] IPUIPlugin:80 - create IPUIPlugin
2024-03-08 18:25:33,692 [INFO] PluginManager:220 - loadIPPluginJar : add tracer_emb
2024-03-08 18:25:33,694 [INFO] IPUIPlugin:80 - create IPUIPlugin
2024-03-08 18:25:33,695 [INFO] PluginManager:220 - loadIPPluginJar : add ts
2024-03-08 18:25:33,697 [INFO] IPUIPlugin:80 - create IPUIPlugin
2024-03-08 18:25:33,697 [INFO] PluginManager:220 - loadIPPluginJar : add tsc
2024-03-08 18:25:33,700 [INFO] IPUIPlugin:80 - create IPUIPlugin
2024-03-08 18:25:33,700 [INFO] PluginManager:220 - loadIPPluginJar : add ucpd
2024-03-08 18:25:33,704 [INFO] IPUIPlugin:80 - create IPUIPlugin
2024-03-08 18:25:33,704 [INFO] PluginManager:220 - loadIPPluginJar : add usart
2024-03-08 18:25:33,708 [INFO] IPUIPlugin:80 - create IPUIPlugin
2024-03-08 18:25:33,708 [INFO] PluginManager:220 - loadIPPluginJar : add usbx
2024-03-08 18:25:33,874 [INFO] CADModel:165 - CPN selected for project level
2024-03-08 18:25:33,874 [INFO] CADModel:114 - Register for checkConnection events
2024-03-08 18:25:33,875 [FATAL] Updater:308 - Updater called before beeing initialized
2024-03-08 18:25:33,875 [ERROR] CADModel:125 - Updater not yet initialized, retry later 
2024-03-08 18:25:34,122 [INFO] CADModel:165 - CPN selected for project level
2024-03-08 18:25:34,122 [INFO] CADModel:114 - Register for checkConnection events
2024-03-08 18:25:34,122 [FATAL] Updater:308 - Updater called before beeing initialized
2024-03-08 18:25:34,122 [ERROR] CADModel:125 - Updater not yet initialized, retry later 
2024-03-08 18:25:34,126 [FATAL] Updater:308 - Updater called before beeing initialized
2024-03-08 18:25:34,280 [FATAL] Updater:308 - Updater called before beeing initialized
2024-03-08 18:25:34,287 [INFO] DbMcusAds:53 - JSON generation date=Wed Sep 29 23:55:09 PDT 2021 (1632984909247)
2024-03-08 18:25:34,288 [FATAL] Updater:308 - Updater called before beeing initialized
2024-03-08 18:25:34,345 [WARN] DetailPanel:346 - Failed to get advertising image, set to default
2024-03-08 18:25:34,530 [FATAL] Updater:308 - Updater called before beeing initialized
2024-03-08 18:25:34,532 [FATAL] Updater:308 - Updater called before beeing initialized
2024-03-08 18:25:34,532 [FATAL] Updater:308 - Updater called before beeing initialized
2024-03-08 18:25:34,533 [WARN] DetailPanel:346 - Failed to get advertising image, set to default
2024-03-08 18:25:34,534 [FATAL] Updater:308 - Updater called before beeing initialized
2024-03-08 18:25:34,616 [ERROR] Updater:1120 - MainUpdater not yet initialized. External WinMGr cannot be set.
2024-03-08 18:25:34,618 [INFO] Updater:1056 - Updater Version found : 6.9.2
2024-03-08 18:25:34,641 [INFO] ApplicationProperties:184 - Using Application install path: C:\ST\STM32CubeIDE_1.13.2\STM32CubeIDE\plugins\com.st.stm32cube.common.mx_6.9.2.202309101412
2024-03-08 18:25:35,442 [INFO] MainUpdater:2868 - connection check result : 10
2024-03-08 18:25:35,444 [INFO] MainUpdater:285 - Updater Check For Update Now.
2024-03-08 18:25:35,444 [INFO] MicroXplorer:498 - Change Database Version : DB.6.0.92
2024-03-08 18:25:35,464 [INFO] McuFinderGlobals:63 - Set McuFinder mode to 2 (CubeIDE integrated)
2024-03-08 18:25:35,465 [INFO] UserAuth:179 - activating auth plugin
2024-03-08 18:25:35,472 [INFO] UserAuth:393 - Internet connection configuration mode: 1
2024-03-08 18:25:35,530 [INFO] JxBrowserEngine:151 - Initiate JxBrowser Engine with user profile folder
2024-03-08 18:25:35,755 [WARN] MainUpdater:1189 - Updater busy. Cannot search thirdparties
2024-03-08 18:25:35,756 [INFO] ThirdPartyUpdaterWithRetryManager:96 - Updater plugin is busy. [1/15]
2024-03-08 18:25:35,772 [INFO] CheckServerUpdateThread:120 - End of CheckServer Thread
2024-03-08 18:25:36,739 [INFO] WebApp:157 - Instantiating new browser for Auth
2024-03-08 18:25:37,489 [INFO] WebApp:753 - Register for checkConnection events
2024-03-08 18:25:37,490 [INFO] WebApp:390 - Apply proxy settings
2024-03-08 18:25:37,490 [INFO] WebApp:475 - Chromium requires no authentication
2024-03-08 18:25:37,500 [INFO] WebApp:418 - Direct internet connection detected
2024-03-08 18:25:37,707 [INFO] WebApp:188 - Starting web application
2024-03-08 18:25:37,707 [INFO] WebApp:520 - Web application path used C:\ST\STM32CubeIDE_1.13.2\STM32CubeIDE\plugins\com.st.stm32cube.common.mx_6.9.2.202309101412\db\plugins\mcufinder\reactClient1\index.html
2024-03-08 18:25:39,064 [WARN] PackLoader:240 - Cannot read IP mode file for STMicroelectronics.X-CUBE-SMBUS.2.1.0
2024-03-08 18:25:39,078 [WARN] PackLoader:240 - Cannot read IP mode file for STMicroelectronics.X-CUBE-TOUCHGFX.4.23.0
2024-03-08 18:25:39,152 [WARN] PackLoader:240 - Cannot read IP mode file for STMicroelectronics.X-CUBE-AZRTOS-F7.1.1.0
2024-03-08 18:25:39,193 [WARN] PackLoader:240 - Cannot read IP mode file for STMicroelectronics.FP-SNS-MOTENV1.4.3.2
2024-03-08 18:25:39,211 [WARN] PackLoader:240 - Cannot read IP mode file for STMicroelectronics.FP-SNS-FLIGHT1.5.0.2
2024-03-08 18:25:39,237 [WARN] PackLoader:240 - Cannot read IP mode file for STMicroelectronics.X-CUBE-DISPLAY.3.0.0
2024-03-08 18:25:39,271 [WARN] PackLoader:240 - Cannot read IP mode file for STMicroelectronics.X-CUBE-BLE1.7.0.0
2024-03-08 18:25:39,283 [WARN] PackLoader:240 - Cannot read IP mode file for emotas.I-CUBE-CANOPEN.1.3.0
2024-03-08 18:25:39,289 [WARN] PackLoader:240 - Cannot read IP mode file for STMicroelectronics.X-CUBE-TOUCHGFX.4.22.1
2024-03-08 18:25:39,327 [WARN] PackLoader:240 - Cannot read IP mode file for STMicroelectronics.X-CUBE-BLEMGR.3.1.0
2024-03-08 18:25:39,353 [WARN] PackLoader:240 - Cannot read IP mode file for STMicroelectronics.FP-SNS-SMARTAG2.1.2.0
2024-03-08 18:25:39,380 [INFO] LogOutputStream:77 - [STDOUT_REDIRECT] 1 : Invalid condition id : UX_CORESTACK_Condition cause : null
2024-03-08 18:25:39,381 [INFO] LogOutputStream:77 - [STDOUT_REDIRECT] 1 : Invalid condition id : UX_CORESTACK_Condition cause : null
2024-03-08 18:25:39,383 [INFO] LogOutputStream:77 - [STDOUT_REDIRECT] 1 : Invalid condition id : UX_CORESTACK_Condition cause : null
2024-03-08 18:25:39,386 [INFO] LogOutputStream:77 - [STDOUT_REDIRECT] 1 : Invalid condition id : UX_CORESTACK_Condition cause : null
2024-03-08 18:25:39,410 [INFO] LogOutputStream:77 - [STDOUT_REDIRECT] 1 : Invalid condition id : UX_CORESTACK_Condition cause : null
2024-03-08 18:25:39,415 [WARN] PackLoader:240 - Cannot read IP mode file for STMicroelectronics.X-CUBE-AZRTOS-WL.2.0.0
2024-03-08 18:25:39,430 [WARN] PackLoader:240 - Cannot read IP mode file for WES.I-CUBE-Cesium.1.3.0
2024-03-08 18:25:39,448 [WARN] PackLoader:240 - Cannot read IP mode file for STMicroelectronics.X-CUBE-BLE2.3.3.0
2024-03-08 18:25:39,459 [WARN] PackLoader:240 - Cannot read IP mode file for STMicroelectronics.X-CUBE-ALGOBUILD.1.3.0
2024-03-08 18:25:39,485 [WARN] PackLoader:240 - Cannot read IP mode file for STMicroelectronics.X-CUBE-AZRTOS-G0.1.1.0
2024-03-08 18:25:39,500 [WARN] PackLoader:240 - Cannot read IP mode file for STMicroelectronics.X-CUBE-NFC4.3.0.0
2024-03-08 18:25:39,512 [WARN] PackLoader:240 - Cannot read IP mode file for STMicroelectronics.X-CUBE-BLEMGR.3.0.0
2024-03-08 18:25:39,522 [WARN] PackLoader:240 - Cannot read IP mode file for STMicroelectronics.FP-ATR-SIGFOX1.3.2.0
2024-03-08 18:25:39,531 [WARN] PackLoader:240 - Cannot read IP mode file for STMicroelectronics.X-CUBE-EEPRMA1.5.1.0
2024-03-08 18:25:39,622 [WARN] PackLoader:240 - Cannot read IP mode file for SEGGER.I-CUBE-embOS.1.3.1
2024-03-08 18:25:39,718 [WARN] PackLoader:240 - Cannot read IP mode file for STMicroelectronics.X-CUBE-GNSS1.6.0.0
2024-03-08 18:25:39,755 [WARN] PackLoader:240 - Cannot read IP mode file for STMicroelectronics.X-CUBE-AZRTOS-F4.1.1.0
2024-03-08 18:25:39,769 [WARN] PackLoader:240 - Cannot read IP mode file for wolfSSL.I-CUBE-wolfSSL.5.6.4
2024-03-08 18:25:39,804 [WARN] PackLoader:240 - Cannot read IP mode file for STMicroelectronics.X-CUBE-AZRTOS-L5.2.0.0
2024-03-08 18:25:39,824 [WARN] PackLoader:240 - Cannot read IP mode file for STMicroelectronics.X-CUBE-EEPRMA1.4.2.0
2024-03-08 18:25:39,838 [WARN] PackLoader:240 - Cannot read IP mode file for ITTIA_DB.I-CUBE-ITTIADB.8.8.0
2024-03-08 18:25:39,869 [WARN] ConditionMgr:438 - getConditionDescription Invalid condition id : UX DEVICE CLASS RTOS Condition cause : null
2024-03-08 18:25:39,869 [WARN] ConditionMgr:438 - getConditionDescription Invalid condition id : UX DEVICE CLASS RTOS Condition cause : null
2024-03-08 18:25:39,875 [WARN] PackLoader:240 - Cannot read IP mode file for STMicroelectronics.X-CUBE-AZRTOS-H7.3.1.0
2024-03-08 18:25:39,879 [WARN] ConditionMgr:1039 - genDependencies : Invalid condition id : UX DEVICE CLASS RTOS Condition cause : null
2024-03-08 18:25:39,879 [WARN] ConditionMgr:1039 - genDependencies : Invalid condition id : UX DEVICE CLASS RTOS Condition cause : null
2024-03-08 18:25:39,881 [WARN] ConditionMgr:1039 - genDependencies : Invalid condition id : UX DEVICE CLASS RTOS Condition cause : null
2024-03-08 18:25:39,882 [WARN] ConditionMgr:1039 - genDependencies : Invalid condition id : UX DEVICE CLASS RTOS Condition cause : null
2024-03-08 18:25:39,883 [WARN] ConditionMgr:1039 - genDependencies : Invalid condition id : UX DEVICE CLASS RTOS Condition cause : null
2024-03-08 18:25:39,902 [WARN] PackLoader:240 - Cannot read IP mode file for STMicroelectronics.X-CUBE-NFC7.1.0.1
2024-03-08 18:25:39,921 [WARN] PackLoader:240 - Cannot read IP mode file for STMicroelectronics.X-CUBE-NFC6.3.0.0
2024-03-08 18:25:39,932 [WARN] PackLoader:240 - Cannot read IP mode file for STMicroelectronics.X-CUBE-AI.8.1.0
2024-03-08 18:25:39,970 [WARN] ConditionMgr:438 - getConditionDescription Invalid condition id : LAN8742 Phy interface Condition cause : null
2024-03-08 18:25:39,973 [WARN] PackLoader:240 - Cannot read IP mode file for STMicroelectronics.X-CUBE-AZRTOS-L4.2.0.0
2024-03-08 18:25:39,976 [WARN] ConditionMgr:1039 - genDependencies : Invalid condition id : LAN8742 Phy interface Condition cause : null
2024-03-08 18:25:39,977 [WARN] ConditionMgr:1039 - genDependencies : Invalid condition id : LAN8742 Phy interface Condition cause : null
2024-03-08 18:25:39,978 [WARN] ConditionMgr:1039 - genDependencies : Invalid condition id : LAN8742 Phy interface Condition cause : null
2024-03-08 18:25:39,995 [WARN] PackLoader:240 - Cannot read IP mode file for STMicroelectronics.X-CUBE-SFXS2LP1.4.0.0
2024-03-08 18:25:40,008 [WARN] PackLoader:240 - Cannot read IP mode file for STMicroelectronics.X-CUBE-ISPU.1.1.0
2024-03-08 18:25:40,031 [WARN] ConditionMgr:438 - getConditionDescription Invalid condition id : UX DEVICE CLASS RTOS Condition cause : null
2024-03-08 18:25:40,031 [WARN] ConditionMgr:438 - getConditionDescription Invalid condition id : UX DEVICE CLASS RTOS Condition cause : null
2024-03-08 18:25:40,037 [WARN] PackLoader:240 - Cannot read IP mode file for STMicroelectronics.X-CUBE-AZRTOS-WB.2.0.0
2024-03-08 18:25:40,039 [WARN] ConditionMgr:1039 - genDependencies : Invalid condition id : UX DEVICE CLASS RTOS Condition cause : null
2024-03-08 18:25:40,040 [WARN] ConditionMgr:1039 - genDependencies : Invalid condition id : UX DEVICE CLASS RTOS Condition cause : null
2024-03-08 18:25:40,041 [WARN] ConditionMgr:1039 - genDependencies : Invalid condition id : UX DEVICE CLASS RTOS Condition cause : null
2024-03-08 18:25:40,041 [WARN] ConditionMgr:1039 - genDependencies : Invalid condition id : UX DEVICE CLASS RTOS Condition cause : null
2024-03-08 18:25:40,042 [WARN] ConditionMgr:1039 - genDependencies : Invalid condition id : UX DEVICE CLASS RTOS Condition cause : null
2024-03-08 18:25:40,064 [WARN] PackLoader:240 - Cannot read IP mode file for STMicroelectronics.X-CUBE-SUBG2.5.0.0
2024-03-08 18:25:40,100 [WARN] PackLoader:240 - Cannot read IP mode file for STMicroelectronics.X-CUBE-TOF1.3.3.1
2024-03-08 18:25:40,137 [WARN] PackLoader:240 - Cannot read IP mode file for STMicroelectronics.X-CUBE-AZRTOS-G4.2.0.0
2024-03-08 18:25:40,166 [WARN] PackLoader:240 - Cannot read IP mode file for Infineon.AIROC-Wi-Fi-Bluetooth-STM32.1.5.1
2024-03-08 18:25:40,180 [WARN] PackLoader:240 - Cannot read IP mode file for STMicroelectronics.FP-SNS-MOTENVWB1.1.3.0
2024-03-08 18:25:40,254 [WARN] PackLoader:240 - Cannot read IP mode file for STMicroelectronics.X-CUBE-MEMS1.10.0.0
2024-03-08 18:25:40,473 [WARN] PackLoader:240 - Cannot read IP mode file for STMicroelectronics.X-CUBE-FREERTOS.1.1.0
2024-03-08 18:25:40,483 [WARN] PackLoader:240 - Cannot read IP mode file for portGmbH.I-Cube-SoM-uGOAL.1.1.0
2024-03-08 18:25:40,491 [WARN] PackLoader:240 - Cannot read IP mode file for STMicroelectronics.X-CUBE-ALS.1.0.1
2024-03-08 18:25:40,497 [WARN] PackLoader:240 - Cannot read IP mode file for STMicroelectronics.FP-ATR-ASTRA1.2.0.0
2024-03-08 18:25:40,511 [WARN] PackLoader:240 - Cannot read IP mode file for STMicroelectronics.X-CUBE-TOF1.3.4.0
2024-03-08 18:25:40,539 [WARN] PackLoader:240 - Cannot read IP mode file for STMicroelectronics.X-CUBE-TOF1.3.4.1
2024-03-08 18:25:40,578 [WARN] PackLoader:240 - Cannot read IP mode file for STMicroelectronics.X-CUBE-AZRTOS-H7.3.2.0
2024-03-08 18:25:40,585 [INFO] ThirdParty:978 - Integrity check success = true
2024-03-08 18:25:40,585 [INFO] IntegrityCheckThread:100 - exiting critical section [integrity check]
2024-03-08 18:25:40,585 [INFO] IntegrityCheckThread:103 - End integrity checks thread
2024-03-08 18:25:58,877 [ERROR] LogOutputStream:75 - [STDERR_REDIRECT] SLF4J: Failed to load class "org.slf4j.impl.StaticLoggerBinder".
2024-03-08 18:25:58,878 [ERROR] LogOutputStream:75 - [STDERR_REDIRECT] SLF4J: Defaulting to no-operation (NOP) logger implementation
2024-03-08 18:25:58,883 [ERROR] LogOutputStream:75 - [STDERR_REDIRECT] SLF4J: See http://www.slf4j.org/codes.html#StaticLoggerBinder for further details.
2024-03-08 18:31:32,553 [INFO] WebApp:330 - JxBrowser engine has been closed 
